This file contains any messages produced by compilers while
running configure, to aid debugging if configure makes a mistake.

It was created by Tutorial Program configure 1.0, which was
generated by GNU Autoconf 2.69.  Invocation command line was

  $ configure 

## --------- ##
## Platform. ##
## --------- ##

hostname = 1572273a5353
uname -m = x86_64
uname -r = 5.6.10-arch1-1
uname -s = Linux
uname -v = #1 SMP PREEMPT Sat, 02 May 2020 19:11:54 +0000

/usr/bin/uname -p = unknown
/bin/uname -X     = unknown

/bin/arch              = unknown
/usr/bin/arch -k       = unknown
/usr/convex/getsysinfo = unknown
/usr/bin/hostinfo      = unknown
/bin/machine           = unknown
/usr/bin/oslevel       = unknown
/bin/universe          = unknown

PATH: /root/.vscode-server/bin/ff915844119ce9485abfe8aa9076ec76b5300ddd/bin
PATH: /usr/local/sbin
PATH: /usr/local/bin
PATH: /usr/sbin
PATH: /usr/bin
PATH: /sbin
PATH: /bin


## ----------- ##
## Core tests. ##
## ----------- ##

configure:1825: checking for a BSD-compatible install
configure:1893: result: /usr/bin/install -c
configure:1904: checking whether build environment is sane
configure:1959: result: yes
configure:2108: checking for a thread-safe mkdir -p
configure:2147: result: /usr/sbin/mkdir -p
configure:2154: checking for gawk
configure:2170: found /usr/sbin/gawk
configure:2181: result: gawk
configure:2192: checking whether make sets $(MAKE)
configure:2214: result: yes
configure:2243: checking whether make supports nested variables
configure:2260: result: yes
configure:2434: checking for gcc
configure:2450: found /usr/sbin/gcc
configure:2461: result: gcc
configure:2690: checking for C compiler version
configure:2699: gcc --version >&5
gcc (Arch Linux 9.3.0-1) 9.3.0
Copyright (C) 2019 Free Software Foundation, Inc.
This is free software; see the source for copying conditions.  There is NO
warranty; not even for MERCHANTABILITY or FITNESS FOR A PARTICULAR PURPOSE.

configure:2710: $? = 0
configure:2699: gcc -v >&5
Using built-in specs.
COLLECT_GCC=gcc
COLLECT_LTO_WRAPPER=/usr/lib/gcc/x86_64-pc-linux-gnu/9.3.0/lto-wrapper
Target: x86_64-pc-linux-gnu
Configured with: /build/gcc/src/gcc/configure --prefix=/usr --libdir=/usr/lib --libexecdir=/usr/lib --mandir=/usr/share/man --infodir=/usr/share/info --with-pkgversion='Arch Linux 9.3.0-1' --with-bugurl=https://bugs.archlinux.org/ --enable-languages=c,c++,ada,fortran,go,lto,objc,obj-c++,d --enable-shared --enable-threads=posix --with-system-zlib --with-isl --enable-__cxa_atexit --disable-libunwind-exceptions --enable-clocale=gnu --disable-libstdcxx-pch --disable-libssp --enable-gnu-unique-object --enable-linker-build-id --enable-lto --enable-plugin --enable-install-libiberty --with-linker-hash-style=gnu --enable-gnu-indirect-function --enable-multilib --disable-werror --enable-checking=release --enable-default-pie --enable-default-ssp --enable-cet=auto gdc_include_dir=/usr/include/dlang/gdc
Thread model: posix
gcc version 9.3.0 (Arch Linux 9.3.0-1) 
configure:2710: $? = 0
configure:2699: gcc -V >&5
gcc: error: unrecognized command line option '-V'
gcc: fatal error: no input files
compilation terminated.
configure:2710: $? = 1
configure:2699: gcc -qversion >&5
gcc: error: unrecognized command line option '-qversion'; did you mean '--version'?
gcc: fatal error: no input files
compilation terminated.
configure:2710: $? = 1
configure:2730: checking whether the C compiler works
configure:2752: gcc    conftest.c  >&5
configure:2756: $? = 0
configure:2804: result: yes
configure:2807: checking for C compiler default output file name
configure:2809: result: a.out
configure:2815: checking for suffix of executables
configure:2822: gcc -o conftest    conftest.c  >&5
configure:2826: $? = 0
configure:2848: result: 
configure:2870: checking whether we are cross compiling
configure:2878: gcc -o conftest    conftest.c  >&5
configure:2882: $? = 0
configure:2889: ./conftest
configure:2893: $? = 0
configure:2881: result: no
configure:2886: checking for suffix of object files
configure:2908: gcc -c   conftest.c >&5
configure:2912: $? = 0
configure:2933: result: o
configure:2937: checking whether we are using the GNU C compiler
configure:2956: gcc -c   conftest.c >&5
configure:2956: $? = 0
configure:2965: result: yes
configure:2974: checking whether gcc accepts -g
configure:2994: gcc -c -g  conftest.c >&5
configure:2994: $? = 0
configure:3035: result: yes
configure:3052: checking for gcc option to accept ISO C89
configure:3115: gcc  -c -g -O2  conftest.c >&5
configure:3115: $? = 0
configure:3128: result: none needed
configure:3153: checking whether gcc understands -c and -o together
configure:3175: gcc -c conftest.c -o conftest2.o
configure:3178: $? = 0
configure:3175: gcc -c conftest.c -o conftest2.o
configure:3178: $? = 0
configure:3190: result: yes
configure:3210: checking whether make supports the include directive
configure:3225: make -f confmf.GNU && cat confinc.out
this is the am__doit target
configure:3228: $? = 0
configure:3247: result: yes (GNU style)
configure:3272: checking dependency style of gcc
configure:3383: result: gcc3
configure:3537: checking that generated files are newer than configure
configure:3543: result: done
configure:3566: creating ./config.status

## ---------------------- ##
## Running config.status. ##
## ---------------------- ##

This file was extended by Tutorial Program config.status 1.0, which was
generated by GNU Autoconf 2.69.  Invocation command line was

  CONFIG_FILES    = 
  CONFIG_HEADERS  = 
  CONFIG_LINKS    = 
  CONFIG_COMMANDS = 
  $ ./config.status 

on 1572273a5353

config.status:768: creating Makefile
config.status:940: executing depfiles commands
config.status:1017: cd .       && sed -e '/# am--include-marker/d' Makefile         | make -f - am--depfiles
make: Nothing to be done for 'am--depfiles'.
config.status:1022: $? = 0

## ---------------- ##
## Cache variables. ##
## ---------------- ##

ac_cv_c_compiler_gnu=yes
ac_cv_env_CC_set=
ac_cv_env_CC_value=
ac_cv_env_CFLAGS_set=
ac_cv_env_CFLAGS_value=
ac_cv_env_CPPFLAGS_set=
ac_cv_env_CPPFLAGS_value=
ac_cv_env_LDFLAGS_set=
ac_cv_env_LDFLAGS_value=
ac_cv_env_LIBS_set=
ac_cv_env_LIBS_value=
ac_cv_env_build_alias_set=
ac_cv_env_build_alias_value=
ac_cv_env_host_alias_set=
ac_cv_env_host_alias_value=
ac_cv_env_target_alias_set=
ac_cv_env_target_alias_value=
ac_cv_objext=o
ac_cv_path_install='/usr/bin/install -c'
ac_cv_path_mkdir=/usr/sbin/mkdir
ac_cv_prog_AWK=gawk
ac_cv_prog_ac_ct_CC=gcc
ac_cv_prog_cc_c89=
ac_cv_prog_cc_g=yes
ac_cv_prog_make_make_set=yes
am_cv_CC_dependencies_compiler_type=gcc3
am_cv_make_support_nested_variables=yes
am_cv_prog_cc_c_o=yes

## ----------------- ##
## Output variables. ##
## ----------------- ##

ACLOCAL='${SHELL} /home/hydrogen/hydrogit/tmp/tut_prog/missing aclocal-1.16'
AMDEPBACKSLASH='\'
AMDEP_FALSE='#'
AMDEP_TRUE=''
AMTAR='$${TAR-tar}'
AM_BACKSLASH='\'
AM_DEFAULT_V='$(AM_DEFAULT_VERBOSITY)'
AM_DEFAULT_VERBOSITY='1'
AM_V='$(V)'
AUTOCONF='${SHELL} /home/hydrogen/hydrogit/tmp/tut_prog/missing autoconf'
AUTOHEADER='${SHELL} /home/hydrogen/hydrogit/tmp/tut_prog/missing autoheader'
AUTOMAKE='${SHELL} /home/hydrogen/hydrogit/tmp/tut_prog/missing automake-1.16'
AWK='gawk'
CC='gcc'
CCDEPMODE='depmode=gcc3'
CFLAGS='-g -O2'
CPPFLAGS=''
CYGPATH_W='echo'
DEFS='-DPACKAGE_NAME=\"Tutorial\ Program\" -DPACKAGE_TARNAME=\"tutorial-program\" -DPACKAGE_VERSION=\"1.0\" -DPACKAGE_STRING=\"Tutorial\ Program\ 1.0\" -DPACKAGE_BUGREPORT=\"\" -DPACKAGE_URL=\"\" -DPACKAGE=\"tutorial-program\" -DVERSION=\"1.0\"'
DEPDIR='.deps'
ECHO_C=''
ECHO_N='-n'
ECHO_T=''
EXEEXT=''
INSTALL_DATA='${INSTALL} -m 644'
INSTALL_PROGRAM='${INSTALL}'
INSTALL_SCRIPT='${INSTALL}'
INSTALL_STRIP_PROGRAM='$(install_sh) -c -s'
LDFLAGS=''
LIBOBJS=''
LIBS=''
LTLIBOBJS=''
MAKEINFO='${SHELL} /home/hydrogen/hydrogit/tmp/tut_prog/missing makeinfo'
MKDIR_P='/usr/sbin/mkdir -p'
OBJEXT='o'
PACKAGE='tutorial-program'
PACKAGE_BUGREPORT=''
PACKAGE_NAME='Tutorial Program'
PACKAGE_STRING='Tutorial Program 1.0'
PACKAGE_TARNAME='tutorial-program'
PACKAGE_URL=''
PACKAGE_VERSION='1.0'
PATH_SEPARATOR=':'
SET_MAKE=''
SHELL='/bin/sh'
STRIP=''
VERSION='1.0'
ac_ct_CC='gcc'
am__EXEEXT_FALSE=''
am__EXEEXT_TRUE='#'
am__fastdepCC_FALSE='#'
am__fastdepCC_TRUE=''
am__include='include'
am__isrc=''
am__leading_dot='.'
am__nodep='_no'
am__quote=''
am__tar='$${TAR-tar} chof - "$$tardir"'
am__untar='$${TAR-tar} xf -'
bindir='${exec_prefix}/bin'
build_alias=''
datadir='${datarootdir}'
datarootdir='${prefix}/share'
docdir='${datarootdir}/doc/${PACKAGE_TARNAME}'
dvidir='${docdir}'
exec_prefix='${prefix}'
host_alias=''
htmldir='${docdir}'
includedir='${prefix}/include'
infodir='${datarootdir}/info'
install_sh='${SHELL} /home/hydrogen/hydrogit/tmp/tut_prog/install-sh'
libdir='${exec_prefix}/lib'
libexecdir='${exec_prefix}/libexec'
localedir='${datarootdir}/locale'
localstatedir='${prefix}/var'
mandir='${datarootdir}/man'
mkdir_p='$(MKDIR_P)'
oldincludedir='/usr/include'
pdfdir='${docdir}'
prefix='/usr/local'
program_transform_name='s,x,x,'
psdir='${docdir}'
sbindir='${exec_prefix}/sbin'
sharedstatedir='${prefix}/com'
sysconfdir='${prefix}/etc'
target_alias=''

## ----------- ##
## confdefs.h. ##
## ----------- ##

/* confdefs.h */
#define PACKAGE_NAME "Tutorial Program"
#define PACKAGE_TARNAME "tutorial-program"
#define PACKAGE_VERSION "1.0"
#define PACKAGE_STRING "Tutorial Program 1.0"
#define PACKAGE_BUGREPORT ""
#define PACKAGE_URL ""
#define PACKAGE "tutorial-program"
#define VERSION "1.0"

configure: exit 0
